
Server Starting...
━━━━━━━━━━━━━━━━━━━━━━━━━━━━━━━━━━━━━━━━━━━━━━━━━━
Server running on port 1284
Local: http://localhost:1284
Network: http://192.168.100.168:1284
━━━━━━━━━━━━━━━━━━━━━━━━━━━━━━━━━━━━━━━━━━━━━━━━━━
Press Ctrl+C to stop

Port 1284 is busy, trying 1285...
Port 1284 was busy, using 1285 instead

Server Starting...
━━━━━━━━━━━━━━━━━━━━━━━━━━━━━━━━━━━━━━━━━━━━━━━━━━
Server running on port 1285
Local: http://localhost:1285
Network: http://192.168.100.168:1285
━━━━━━━━━━━━━━━━━━━━━━━━━━━━━━━━━━━━━━━━━━━━━━━━━━
Press Ctrl+C to stop

Connected to Redis
<-- GET /api/contacts
Auth middleware error: _TokenVerificationError: Invalid JWT form. A JWT consists of three parts separated by dots.
    at decodeJwt (/Users/litmac/Documents/syncoria2/node_modules/.pnpm/@clerk+backend@2.18.2_react-dom@19.0.0_react@19.0.0__react@19.0.0/node_modules/@clerk/backend/src/jwt/verifyJwt.ts:50:9)
    at verifyToken (/Users/litmac/Documents/syncoria2/node_modules/.pnpm/@clerk+backend@2.18.2_react-dom@19.0.0_react@19.0.0__react@19.0.0/node_modules/@clerk/backend/src/tokens/verify.ts:118:43)
    at <anonymous> (/Users/litmac/Documents/syncoria2/node_modules/.pnpm/@clerk+backend@2.18.2_react-dom@19.0.0_react@19.0.0__react@19.0.0/node_modules/@clerk/backend/src/jwt/legacyReturn.ts:6:36)
    at <anonymous> (/Users/litmac/Documents/syncoria2/apps/server/src/index.ts:67:27)
    at dispatch (file:///Users/litmac/Documents/syncoria2/node_modules/.pnpm/hono@4.8.2/node_modules/hono/dist/compose.js:22:23)
    at file:///Users/litmac/Documents/syncoria2/node_modules/.pnpm/hono@4.8.2/node_modules/hono/dist/compose.js:22:46
    at cors2 (file:///Users/litmac/Documents/syncoria2/node_modules/.pnpm/hono@4.8.2/node_modules/hono/dist/middleware/cors/index.js:84:11)
    at dispatch (file:///Users/litmac/Documents/syncoria2/node_modules/.pnpm/hono@4.8.2/node_modules/hono/dist/compose.js:22:23)
    at file:///Users/litmac/Documents/syncoria2/node_modules/.pnpm/hono@4.8.2/node_modules/hono/dist/compose.js:22:46
    at logger2 (file:///Users/litmac/Documents/syncoria2/node_modules/.pnpm/hono@4.8.2/node_modules/hono/dist/middleware/logger/index.js:38:11) {
  reason: 'token-invalid',
  action: undefined
}
--> GET /api/contacts 401 11ms
<-- GET /api/contacts
Auth middleware error: _TokenVerificationError: Invalid JWT form. A JWT consists of three parts separated by dots.
    at decodeJwt (/Users/litmac/Documents/syncoria2/node_modules/.pnpm/@clerk+backend@2.18.2_react-dom@19.0.0_react@19.0.0__react@19.0.0/node_modules/@clerk/backend/src/jwt/verifyJwt.ts:50:9)
    at verifyToken (/Users/litmac/Documents/syncoria2/node_modules/.pnpm/@clerk+backend@2.18.2_react-dom@19.0.0_react@19.0.0__react@19.0.0/node_modules/@clerk/backend/src/tokens/verify.ts:118:43)
    at <anonymous> (/Users/litmac/Documents/syncoria2/node_modules/.pnpm/@clerk+backend@2.18.2_react-dom@19.0.0_react@19.0.0__react@19.0.0/node_modules/@clerk/backend/src/jwt/legacyReturn.ts:6:36)
    at <anonymous> (/Users/litmac/Documents/syncoria2/apps/server/src/index.ts:67:27)
    at dispatch (file:///Users/litmac/Documents/syncoria2/node_modules/.pnpm/hono@4.8.2/node_modules/hono/dist/compose.js:22:23)
    at file:///Users/litmac/Documents/syncoria2/node_modules/.pnpm/hono@4.8.2/node_modules/hono/dist/compose.js:22:46
    at cors2 (file:///Users/litmac/Documents/syncoria2/node_modules/.pnpm/hono@4.8.2/node_modules/hono/dist/middleware/cors/index.js:84:11)
    at dispatch (file:///Users/litmac/Documents/syncoria2/node_modules/.pnpm/hono@4.8.2/node_modules/hono/dist/compose.js:22:23)
    at file:///Users/litmac/Documents/syncoria2/node_modules/.pnpm/hono@4.8.2/node_modules/hono/dist/compose.js:22:46
    at logger2 (file:///Users/litmac/Documents/syncoria2/node_modules/.pnpm/hono@4.8.2/node_modules/hono/dist/middleware/logger/index.js:38:11) {
  reason: 'token-invalid',
  action: undefined
}
--> GET /api/contacts 401 1ms
